<?xml version="1.0" encoding="UTF-8"?>
<!-- Generated by org.testng.reporters.JUnitXMLReporter -->
<testsuite hostname="LAPTOP-JTNN1PTL" ignored="0" name="Default test" tests="10" failures="1" timestamp="2022-11-01T17:32:04 EDT" time="7.309" errors="0">
  <testcase name="select_and_verify_country" time="2.577" classname="Shopping.HomePageTest"/>
  <testcase name="select_and_verify_solid_colors_from_menu" time="4.609" classname="Shopping.CatelogTest"/>
  <testcase name="add_and_verify_cart" time="0.0" classname="Shopping.CatelogTest">
    <failure type="org.testng.TestNGException" message="
Parameter &amp;apos;selectedProducts&amp;apos; is required by @Test on method add_and_verify_cart but has not been marked @Optional or defined
in C:\Users\dhara\AppData\Local\Temp\testng-eclipse--840933172\testng-customsuite.xml">
      <![CDATA[org.testng.TestNGException: 
Parameter 'selectedProducts' is required by @Test on method add_and_verify_cart but has not been marked @Optional or defined
in C:\Users\dhara\AppData\Local\Temp\testng-eclipse--840933172\testng-customsuite.xml
at org.testng.internal.Parameters.createParams(Parameters.java:268)
at org.testng.internal.Parameters.createParametersForMethod(Parameters.java:356)
at org.testng.internal.Parameters.createParameters(Parameters.java:700)
at org.testng.internal.Parameters.handleParameters(Parameters.java:875)
at org.testng.internal.Parameters.handleParameters(Parameters.java:740)
at org.testng.internal.ParameterHandler.handleParameters(ParameterHandler.java:59)
at org.testng.internal.ParameterHandler.createParameters(ParameterHandler.java:38)
at org.testng.internal.TestInvoker$MethodInvocationAgent.invoke(TestInvoker.java:789)
at org.testng.internal.TestInvoker.invokeTestMethods(TestInvoker.java:147)
at org.testng.internal.TestMethodWorker.invokeTestMethods(TestMethodWorker.java:146)
at org.testng.internal.TestMethodWorker.run(TestMethodWorker.java:128)
at java.util.ArrayList.forEach(Unknown Source)
at org.testng.TestRunner.privateRun(TestRunner.java:764)
at org.testng.TestRunner.run(TestRunner.java:585)
at org.testng.SuiteRunner.runTest(SuiteRunner.java:384)
at org.testng.SuiteRunner.runSequentially(SuiteRunner.java:378)
at org.testng.SuiteRunner.privateRun(SuiteRunner.java:337)
at org.testng.SuiteRunner.run(SuiteRunner.java:286)
at org.testng.SuiteRunnerWorker.runSuite(SuiteRunnerWorker.java:53)
at org.testng.SuiteRunnerWorker.run(SuiteRunnerWorker.java:96)
at org.testng.TestNG.runSuitesSequentially(TestNG.java:1218)
at org.testng.TestNG.runSuitesLocally(TestNG.java:1140)
at org.testng.TestNG.runSuites(TestNG.java:1069)
at org.testng.TestNG.run(TestNG.java:1037)
at org.testng.remote.AbstractRemoteTestNG.run(AbstractRemoteTestNG.java:115)
at org.testng.remote.RemoteTestNG.initAndRun(RemoteTestNG.java:251)
at org.testng.remote.RemoteTestNG.main(RemoteTestNG.java:77)
]]>
    </failure>
  </testcase> <!-- add_and_verify_cart -->
  <testcase name="verify_added_product_in_cart_page" time="0.0" classname="Shopping.CartTest">
    <skipped/>
  </testcase> <!-- verify_added_product_in_cart_page -->
  <testcase name="verify_checkout" time="0.0" classname="Shopping.CartTest">
    <skipped/>
  </testcase> <!-- verify_checkout -->
  <testcase name="select_product_after_returning_from_cart" time="0.0" classname="Shopping.CatelogTest">
    <skipped/>
  </testcase> <!-- select_product_after_returning_from_cart -->
  <testcase name="verify_added_product_in_cart_page_after_addtition" time="0.0" classname="Shopping.CartTest">
    <skipped/>
  </testcase> <!-- verify_added_product_in_cart_page_after_addtition -->
  <testcase name="verify_checkout_after_product_addition_and_continue_as_guest" time="0.0" classname="Shopping.CartTest">
    <skipped/>
  </testcase> <!-- verify_checkout_after_product_addition_and_continue_as_guest -->
  <testcase name="verify_and_assert_clicked_on_continue_as_guest" time="0.0" classname="Shopping.ContinueAsGuestTest">
    <skipped/>
  </testcase> <!-- verify_and_assert_clicked_on_continue_as_guest -->
  <testcase name="find_stylist_by_zipcode_and_select_stylist_and_verify_shipping_address_page" time="0.0" classname="Shopping.ContinueAsGuestTest">
    <skipped/>
  </testcase> <!-- find_stylist_by_zipcode_and_select_stylist_and_verify_shipping_address_page -->
</testsuite> <!-- Default test -->
